<?xml version="1.0" encoding="UTF-8"?>
<!-- Generated by org.testng.reporters.JUnitXMLReporter -->
<testsuite ignored="0" hostname="Sanzida-Kanta" failures="0" tests="6" name="selenium_pom" time="50.954" errors="0" timestamp="2023-11-12T18:07:25 BDT">
  <testcase classname="testClasses.LoginTest" name="loginIntoSystem" time="3.402"/>
  <testcase classname="testClasses.ProductsPageTest" name="clickOnAddToCart" time="3.138"/>
  <testcase classname="testClasses.AddtoCartTest" name="clickOnCartBtn" time="13.175"/>
  <testcase classname="testClasses.CheckoutTest" name="checkOut" time="15.468"/>
  <testcase classname="testClasses.ConfirmationTest" name="confirmation" time="0.088"/>
  <testcase classname="testClasses.LogoutTest" name="logoutFromSystem" time="6.119"/>
</testsuite> <!-- selenium_pom -->
